<?xml version="1.0" encoding="UTF-8"?>
<!-- Generated by org.testng.reporters.JUnitReportReporter -->
<testsuite hostname="GauravAhuja" failures="0" tests="1" name="TestCasePackage.Tc_01_HRMTest" time="7.045" errors="0" timestamp="2023-11-04T09:01:44 IST" skipped="0">
  <testcase classname="TestCasePackage.Tc_01_HRMTest" name="selectValues" time="7.045"/>
  <system-out/>
</testsuite> <!-- TestCasePackage.Tc_01_HRMTest -->
